<?xml version="1.0" encoding="UTF-8"?>
<coverage generated="1648041907821" clover="3.2.0">
  <project timestamp="1648041907821" name="All files">
    <metrics statements="6" coveredstatements="2" conditionals="0" coveredconditionals="0" methods="3" coveredmethods="0" elements="9" coveredelements="2" complexity="0" loc="6" ncloc="6" packages="1" files="1" classes="1"/>
    <file name="CustomListItem.js" path="D:\Programming\Own-codes\ChatApp\components\CustomListItem.js">
      <metrics statements="6" coveredstatements="2" conditionals="0" coveredconditionals="0" methods="3" coveredmethods="0"/>
      <line num="6" count="1" type="stmt"/>
      <line num="7" count="0" type="stmt"/>
      <line num="9" count="0" type="stmt"/>
      <line num="10" count="0" type="stmt"/>
      <line num="16" count="0" type="stmt"/>
      <line num="25" count="1" type="stmt"/>
    </file>
  </project>
</coverage>
