{"D:\\Programming\\Own-codes\\ChatApp\\components\\CustomListItem.js": {"path":"D:\\Programming\\Own-codes\\ChatApp\\components\\CustomListItem.js","statementMap":{"0":{"start":{"line":6,"column":23},"end":{"line":21,"column":1}},"1":{"start":{"line":7,"column":42},"end":{"line":7,"column":54}},"2":{"start":{"line":9,"column":2},"end":{"line":20,"column":4}},"3":{"start":{"line":10,"column":38},"end":{"line":10,"column":62}},"4":{"start":{"line":16,"column":39},"end":{"line":16,"column":53}},"5":{"start":{"line":25,"column":15},"end":{"line":29,"column":2}}},"fnMap":{"0":{"name":"(anonymous_0)","decl":{"start":{"line":6,"column":23},"end":{"line":6,"column":24}},"loc":{"start":{"line":6,"column":69},"end":{"line":21,"column":1}},"line":6},"1":{"name":"(anonymous_1)","decl":{"start":{"line":10,"column":32},"end":{"line":10,"column":33}},"loc":{"start":{"line":10,"column":38},"end":{"line":10,"column":62}},"line":10},"2":{"name":"(anonymous_2)","decl":{"start":{"line":16,"column":33},"end":{"line":16,"column":34}},"loc":{"start":{"line":16,"column":39},"end":{"line":16,"column":53}},"line":16}},"branchMap":{},"s":{"0":1,"1":0,"2":0,"3":0,"4":0,"5":1},"f":{"0":0,"1":0,"2":0},"b":{},"_coverageSchema":"1a1c01bbd47fc00a2c39e90264f33305004495a9","hash":"fb9bc48fc73f4c9e74ace06d105666069ddbfb5f"}
}
