{"D:\\Programming\\Own-codes\\ChatApp\\firebase.js": {"path":"D:\\Programming\\Own-codes\\ChatApp\\firebase.js","statementMap":{"0":{"start":{"line":7,"column":23},"end":{"line":14,"column":1}},"1":{"start":{"line":18,"column":0},"end":{"line":22,"column":1}},"2":{"start":{"line":19,"column":2},"end":{"line":19,"column":47}},"3":{"start":{"line":21,"column":2},"end":{"line":21,"column":23}},"4":{"start":{"line":24,"column":11},"end":{"line":24,"column":26}},"5":{"start":{"line":25,"column":13},"end":{"line":25,"column":25}},"6":{"start":{"line":27,"column":0},"end":{"line":27,"column":18}}},"fnMap":{},"branchMap":{"0":{"loc":{"start":{"line":18,"column":0},"end":{"line":22,"column":1}},"type":"if","locations":[{"start":{"line":18,"column":0},"end":{"line":22,"column":1}},{"start":{"line":20,"column":7},"end":{"line":22,"column":1}}],"line":18}},"s":{"0":1,"1":1,"2":1,"3":0,"4":1,"5":1,"6":1},"f":{},"b":{"0":[1,0]},"_coverageSchema":"1a1c01bbd47fc00a2c39e90264f33305004495a9","hash":"96752a851b2d05cbb033d30c106f8bdefcfd8718"}
,"D:\\Programming\\Own-codes\\ChatApp\\screens\\LoginScreen.js": {"path":"D:\\Programming\\Own-codes\\ChatApp\\screens\\LoginScreen.js","statementMap":{"0":{"start":{"line":9,"column":20},"end":{"line":54,"column":1}},"1":{"start":{"line":11,"column":28},"end":{"line":11,"column":40}},"2":{"start":{"line":12,"column":34},"end":{"line":12,"column":46}},"3":{"start":{"line":14,"column":17},"end":{"line":18,"column":3}},"4":{"start":{"line":16,"column":4},"end":{"line":17,"column":34}},"5":{"start":{"line":17,"column":20},"end":{"line":17,"column":32}},"6":{"start":{"line":20,"column":2},"end":{"line":29,"column":9}},"7":{"start":{"line":21,"column":24},"end":{"line":25,"column":6}},"8":{"start":{"line":22,"column":6},"end":{"line":24,"column":7}},"9":{"start":{"line":23,"column":8},"end":{"line":23,"column":36}},"10":{"start":{"line":26,"column":4},"end":{"line":28,"column":6}},"11":{"start":{"line":27,"column":6},"end":{"line":27,"column":20}},"12":{"start":{"line":31,"column":2},"end":{"line":53,"column":4}},"13":{"start":{"line":36,"column":109},"end":{"line":36,"column":123}},"14":{"start":{"line":43,"column":32},"end":{"line":43,"column":49}},"15":{"start":{"line":49,"column":93},"end":{"line":49,"column":124}},"16":{"start":{"line":58,"column":15},"end":{"line":74,"column":2}}},"fnMap":{"0":{"name":"(anonymous_0)","decl":{"start":{"line":9,"column":20},"end":{"line":9,"column":21}},"loc":{"start":{"line":9,"column":40},"end":{"line":54,"column":1}},"line":9},"1":{"name":"(anonymous_1)","decl":{"start":{"line":14,"column":17},"end":{"line":14,"column":18}},"loc":{"start":{"line":14,"column":23},"end":{"line":18,"column":3}},"line":14},"2":{"name":"(anonymous_2)","decl":{"start":{"line":17,"column":11},"end":{"line":17,"column":12}},"loc":{"start":{"line":17,"column":20},"end":{"line":17,"column":32}},"line":17},"3":{"name":"(anonymous_3)","decl":{"start":{"line":20,"column":12},"end":{"line":20,"column":13}},"loc":{"start":{"line":20,"column":18},"end":{"line":29,"column":3}},"line":20},"4":{"name":"(anonymous_4)","decl":{"start":{"line":21,"column":48},"end":{"line":21,"column":49}},"loc":{"start":{"line":21,"column":60},"end":{"line":25,"column":5}},"line":21},"5":{"name":"(anonymous_5)","decl":{"start":{"line":26,"column":11},"end":{"line":26,"column":12}},"loc":{"start":{"line":26,"column":17},"end":{"line":28,"column":5}},"line":26},"6":{"name":"(anonymous_6)","decl":{"start":{"line":36,"column":101},"end":{"line":36,"column":102}},"loc":{"start":{"line":36,"column":109},"end":{"line":36,"column":123}},"line":36},"7":{"name":"(anonymous_7)","decl":{"start":{"line":43,"column":24},"end":{"line":43,"column":25}},"loc":{"start":{"line":43,"column":32},"end":{"line":43,"column":49}},"line":43},"8":{"name":"(anonymous_8)","decl":{"start":{"line":49,"column":87},"end":{"line":49,"column":88}},"loc":{"start":{"line":49,"column":93},"end":{"line":49,"column":124}},"line":49}},"branchMap":{"0":{"loc":{"start":{"line":22,"column":6},"end":{"line":24,"column":7}},"type":"if","locations":[{"start":{"line":22,"column":6},"end":{"line":24,"column":7}},{"start":{},"end":{}}],"line":22}},"s":{"0":1,"1":1,"2":1,"3":1,"4":0,"5":0,"6":1,"7":0,"8":0,"9":0,"10":0,"11":0,"12":1,"13":0,"14":0,"15":0,"16":1},"f":{"0":1,"1":0,"2":0,"3":0,"4":0,"5":0,"6":0,"7":0,"8":0},"b":{"0":[0,0]},"_coverageSchema":"1a1c01bbd47fc00a2c39e90264f33305004495a9","hash":"5ade39fd90a55ac136a5f0009d92c0af1f70c9ce"}
}
