TN:
SF:firebase.js
FNF:0
FNH:0
DA:7,1
DA:18,1
DA:19,1
DA:21,0
DA:24,1
DA:25,1
DA:27,1
LF:7
LH:6
BRDA:18,0,0,1
BRDA:18,0,1,0
BRF:2
BRH:1
end_of_record
TN:
SF:components\CustomListItem.js
FN:7,(anonymous_0)
FN:10,(anonymous_1)
FN:16,(anonymous_2)
FN:17,(anonymous_3)
FN:24,(anonymous_4)
FN:32,(anonymous_5)
FNF:6
FNH:0
FNDA:0,(anonymous_0)
FNDA:0,(anonymous_1)
FNDA:0,(anonymous_2)
FNDA:0,(anonymous_3)
FNDA:0,(anonymous_4)
FNDA:0,(anonymous_5)
DA:7,1
DA:8,0
DA:10,0
DA:11,0
DA:17,0
DA:20,0
DA:23,0
DA:24,0
DA:32,0
DA:41,1
LF:10
LH:2
BRF:0
BRH:0
end_of_record
